{"/Users/Per/Dropbox/Documents/Projects/literary-adjustments/lib/literary-adjustments.js":{"path":"/Users/Per/Dropbox/Documents/Projects/literary-adjustments/lib/literary-adjustments.js","s":{"1":1,"2":1,"3":1,"4":10,"5":1,"6":32,"7":72,"8":72,"9":24,"10":8,"11":1,"12":16,"13":1,"14":5,"15":1,"16":4,"17":4,"18":4,"19":1,"20":5,"21":1,"22":4,"23":4,"24":4,"25":1,"26":9,"27":9,"28":9,"29":0,"30":9,"31":2,"32":7,"33":1,"34":4,"35":1,"36":3,"37":3,"38":1},"b":{"1":[24,48],"2":[1,4],"3":[1,4],"4":[0,9],"5":[2,7],"6":[9,1,8,0,8,3],"7":[1,3]},"f":{"1":10,"2":32,"3":16,"4":5,"5":5,"6":9,"7":4},"fnMap":{"1":{"name":"(anonymous_1)","line":13,"loc":{"start":{"line":13,"column":15},"end":{"line":13,"column":33}}},"2":{"name":"(anonymous_2)","line":17,"loc":{"start":{"line":17,"column":19},"end":{"line":17,"column":34}}},"3":{"name":"(anonymous_3)","line":27,"loc":{"start":{"line":27,"column":22},"end":{"line":27,"column":37}}},"4":{"name":"(anonymous_4)","line":31,"loc":{"start":{"line":31,"column":19},"end":{"line":31,"column":37}}},"5":{"name":"(anonymous_5)","line":40,"loc":{"start":{"line":40,"column":17},"end":{"line":40,"column":35}}},"6":{"name":"(anonymous_6)","line":49,"loc":{"start":{"line":49,"column":20},"end":{"line":49,"column":35}}},"7":{"name":"(anonymous_7)","line":62,"loc":{"start":{"line":62,"column":18},"end":{"line":62,"column":36}}}},"statementMap":{"1":{"start":{"line":9,"column":0},"end":{"line":9,"column":13}},"2":{"start":{"line":11,"column":0},"end":{"line":11,"column":43}},"3":{"start":{"line":13,"column":0},"end":{"line":15,"column":2}},"4":{"start":{"line":14,"column":2},"end":{"line":14,"column":48}},"5":{"start":{"line":17,"column":0},"end":{"line":25,"column":2}},"6":{"start":{"line":18,"column":1},"end":{"line":23,"column":2}},"7":{"start":{"line":19,"column":2},"end":{"line":19,"column":48}},"8":{"start":{"line":20,"column":2},"end":{"line":22,"column":3}},"9":{"start":{"line":21,"column":3},"end":{"line":21,"column":15}},"10":{"start":{"line":24,"column":1},"end":{"line":24,"column":14}},"11":{"start":{"line":27,"column":0},"end":{"line":29,"column":2}},"12":{"start":{"line":28,"column":1},"end":{"line":28,"column":28}},"13":{"start":{"line":31,"column":0},"end":{"line":38,"column":2}},"14":{"start":{"line":32,"column":1},"end":{"line":34,"column":2}},"15":{"start":{"line":33,"column":2},"end":{"line":33,"column":12}},"16":{"start":{"line":35,"column":1},"end":{"line":35,"column":31}},"17":{"start":{"line":36,"column":1},"end":{"line":36,"column":52}},"18":{"start":{"line":37,"column":1},"end":{"line":37,"column":34}},"19":{"start":{"line":40,"column":0},"end":{"line":47,"column":2}},"20":{"start":{"line":41,"column":1},"end":{"line":43,"column":2}},"21":{"start":{"line":42,"column":2},"end":{"line":42,"column":12}},"22":{"start":{"line":44,"column":1},"end":{"line":44,"column":31}},"23":{"start":{"line":45,"column":1},"end":{"line":45,"column":42}},"24":{"start":{"line":46,"column":1},"end":{"line":46,"column":16}},"25":{"start":{"line":49,"column":0},"end":{"line":62,"column":0}},"26":{"start":{"line":50,"column":1},"end":{"line":50,"column":21}},"27":{"start":{"line":51,"column":1},"end":{"line":51,"column":21}},"28":{"start":{"line":53,"column":1},"end":{"line":53,"column":23}},"29":{"start":{"line":53,"column":14},"end":{"line":53,"column":23}},"30":{"start":{"line":55,"column":1},"end":{"line":57,"column":45}},"31":{"start":{"line":57,"column":35},"end":{"line":57,"column":45}},"32":{"start":{"line":59,"column":1},"end":{"line":59,"column":10}},"33":{"start":{"line":62,"column":0},"end":{"line":70,"column":2}},"34":{"start":{"line":63,"column":1},"end":{"line":65,"column":2}},"35":{"start":{"line":64,"column":2},"end":{"line":64,"column":12}},"36":{"start":{"line":66,"column":1},"end":{"line":66,"column":35}},"37":{"start":{"line":67,"column":1},"end":{"line":69,"column":45}},"38":{"start":{"line":72,"column":0},"end":{"line":79,"column":2}}},"branchMap":{"1":{"line":20,"type":"if","locations":[{"start":{"line":20,"column":2},"end":{"line":20,"column":2}},{"start":{"line":20,"column":2},"end":{"line":20,"column":2}}]},"2":{"line":32,"type":"if","locations":[{"start":{"line":32,"column":1},"end":{"line":32,"column":1}},{"start":{"line":32,"column":1},"end":{"line":32,"column":1}}]},"3":{"line":41,"type":"if","locations":[{"start":{"line":41,"column":1},"end":{"line":41,"column":1}},{"start":{"line":41,"column":1},"end":{"line":41,"column":1}}]},"4":{"line":53,"type":"if","locations":[{"start":{"line":53,"column":1},"end":{"line":53,"column":1}},{"start":{"line":53,"column":1},"end":{"line":53,"column":1}}]},"5":{"line":55,"type":"if","locations":[{"start":{"line":55,"column":1},"end":{"line":55,"column":1}},{"start":{"line":55,"column":1},"end":{"line":55,"column":1}}]},"6":{"line":55,"type":"binary-expr","locations":[{"start":{"line":55,"column":6},"end":{"line":55,"column":18}},{"start":{"line":55,"column":22},"end":{"line":55,"column":32}},{"start":{"line":56,"column":4},"end":{"line":56,"column":16}},{"start":{"line":56,"column":20},"end":{"line":56,"column":34}},{"start":{"line":57,"column":4},"end":{"line":57,"column":14}},{"start":{"line":57,"column":18},"end":{"line":57,"column":32}}]},"7":{"line":63,"type":"if","locations":[{"start":{"line":63,"column":1},"end":{"line":63,"column":1}},{"start":{"line":63,"column":1},"end":{"line":63,"column":1}}]}}}}