TN:
SF:/Users/Per/Dropbox/Documents/Projects/literary-adjustments/lib/literary-adjustments.js
FN:13,(anonymous_1)
FN:17,(anonymous_2)
FN:27,(anonymous_3)
FN:31,(anonymous_4)
FN:40,(anonymous_5)
FN:49,(anonymous_6)
FN:62,(anonymous_7)
FNF:7
FNH:7
FNDA:10,(anonymous_1)
FNDA:32,(anonymous_2)
FNDA:16,(anonymous_3)
FNDA:5,(anonymous_4)
FNDA:5,(anonymous_5)
FNDA:9,(anonymous_6)
FNDA:4,(anonymous_7)
DA:9,1
DA:11,1
DA:13,1
DA:14,10
DA:17,1
DA:18,32
DA:19,72
DA:20,72
DA:21,24
DA:24,8
DA:27,1
DA:28,16
DA:31,1
DA:32,5
DA:33,1
DA:35,4
DA:36,4
DA:37,4
DA:40,1
DA:41,5
DA:42,1
DA:44,4
DA:45,4
DA:46,4
DA:49,1
DA:50,9
DA:51,9
DA:53,9
DA:55,9
DA:57,2
DA:59,7
DA:62,1
DA:63,4
DA:64,1
DA:66,3
DA:67,3
DA:72,1
LF:37
LH:37
BRDA:20,1,0,24
BRDA:20,1,1,48
BRDA:32,2,0,1
BRDA:32,2,1,4
BRDA:41,3,0,1
BRDA:41,3,1,4
BRDA:53,4,0,0
BRDA:53,4,1,9
BRDA:55,5,0,2
BRDA:55,5,1,7
BRDA:55,6,0,9
BRDA:55,6,1,1
BRDA:55,6,2,8
BRDA:55,6,3,0
BRDA:55,6,4,8
BRDA:55,6,5,3
BRDA:63,7,0,1
BRDA:63,7,1,3
BRF:18
BRH:16
end_of_record
